Spider mode enabled. Check if remote file exists.
--2017-12-19 11:19:51--  http://jonathanrobles.net/wp
Resolving jonathanrobles.net (jonathanrobles.net)... 192.254.225.235
Connecting to jonathanrobles.net (jonathanrobles.net)|192.254.225.235|:80... connected.
HTTP request sent, awaiting response... 301 Moved Permanently
Location: http://jonathanrobles.net/wp/ [following]
Spider mode enabled. Check if remote file exists.
--2017-12-19 11:19:57--  http://jonathanrobles.net/wp/
Connecting to jonathanrobles.net (jonathanrobles.net)|192.254.225.235|:80... connected.
HTTP request sent, awaiting response... 200 OK
Length: unspecified [text/html]
Remote file exists and could contain links to other resources -- retrieving.

--2017-12-19 11:20:00--  http://jonathanrobles.net/wp/
Reusing existing connection to jonathanrobles.net:80.
HTTP request sent, awaiting response... 200 OK
Length: unspecified [text/html]
Saving to: ‘jonathanrobles.net/wp.tmp.tmp’

     0K .......... .......... ...                              27.0K=0.9s

2017-12-19 11:20:02 (27.0 KB/s) - ‘jonathanrobles.net/wp.tmp.tmp’ saved [63287]

Removing jonathanrobles.net/wp.tmp.tmp.

Spider mode enabled. Check if remote file exists.
--2017-12-19 11:20:03--  http://jonathanrobles.net/wp/?feed=rss2
Reusing existing connection to jonathanrobles.net:80.
HTTP request sent, awaiting response... 200 OK
Length: unspecified [application/rss+xml]
Remote file exists but does not contain any link -- not retrieving.

Removing jonathanrobles.net/wp/index.html?feed=rss2.tmp.
unlink: No such file or directory

Spider mode enabled. Check if remote file exists.
--2017-12-19 11:20:04--  http://jonathanrobles.net/wp/?feed=comments-rss2
Reusing existing connection to jonathanrobles.net:80.
HTTP request sent, awaiting response... 200 OK
Length: unspecified [application/octet-stream]
Remote file exists but does not contain any link -- not retrieving.

Removing jonathanrobles.net/wp/index.html?feed=comments-rss2.tmp.
unlink: No such file or directory

Spider mode enabled. Check if remote file exists.
--2017-12-19 11:20:06--  http://jonathanrobles.net/wp/wp-content/plugins/crayon-syntax-highlighter/css/min/crayon.min.css?ver=_2.7.2_beta
Reusing existing connection to jonathanrobles.net:80.
HTTP request sent, awaiting response... 200 OK
Length: unspecified [text/css]
Remote file exists but does not contain any link -- not retrieving.

jonathanrobles.net/wp/wp-content/plugins/crayon-syntax-highlighter/css/min/crayon.min.css?ver=_2.7.2_beta.tmp: No such file or directory
Removing jonathanrobles.net/wp/wp-content/plugins/crayon-syntax-highlighter/css/min/crayon.min.css?ver=_2.7.2_beta.tmp.
unlink: No such file or directory

Spider mode enabled. Check if remote file exists.
--2017-12-19 11:20:07--  http://jonathanrobles.net/wp/wp-content/plugins/crayon-syntax-highlighter/themes/classic/classic.css?ver=_2.7.2_beta
Reusing existing connection to jonathanrobles.net:80.
HTTP request sent, awaiting response... 200 OK
Length: unspecified [text/css]
Remote file exists but does not contain any link -- not retrieving.

jonathanrobles.net/wp/wp-content/plugins/crayon-syntax-highlighter/themes/classic/classic.css?ver=_2.7.2_beta.tmp: No such file or directory
Removing jonathanrobles.net/wp/wp-content/plugins/crayon-syntax-highlighter/themes/classic/classic.css?ver=_2.7.2_beta.tmp.
unlink: No such file or directory

Spider mode enabled. Check if remote file exists.
--2017-12-19 11:20:08--  http://jonathanrobles.net/wp/wp-content/plugins/crayon-syntax-highlighter/fonts/monaco.css?ver=_2.7.2_beta
Reusing existing connection to jonathanrobles.net:80.
HTTP request sent, awaiting response... 200 OK
Length: unspecified [text/css]
Remote file exists but does not contain any link -- not retrieving.

jonathanrobles.net/wp/wp-content/plugins/crayon-syntax-highlighter/fonts/monaco.css?ver=_2.7.2_beta.tmp: No such file or directory
Removing jonathanrobles.net/wp/wp-content/plugins/crayon-syntax-highlighter/fonts/monaco.css?ver=_2.7.2_beta.tmp.
unlink: No such file or directory

Spider mode enabled. Check if remote file exists.
--2017-12-19 11:20:09--  http://jonathanrobles.net/wp/wp-content/themes/twentyseventeen/style.css?ver=4.9.1
Reusing existing connection to jonathanrobles.net:80.
HTTP request sent, awaiting response... 200 OK
Length: unspecified [text/css]
Remote file exists but does not contain any link -- not retrieving.

jonathanrobles.net/wp/wp-content/themes/twentyseventeen/style.css?ver=4.9.1.tmp: No such file or directory
Removing jonathanrobles.net/wp/wp-content/themes/twentyseventeen/style.css?ver=4.9.1.tmp.
unlink: No such file or directory

Spider mode enabled. Check if remote file exists.
--2017-12-19 11:20:11--  http://jonathanrobles.net/wp/wp-includes/js/jquery/jquery.js?ver=1.12.4
Reusing existing connection to jonathanrobles.net:80.
HTTP request sent, awaiting response... 200 OK
Length: unspecified [application/javascript]
Remote file exists but does not contain any link -- not retrieving.

Removing jonathanrobles.net/wp/wp-includes/js/jquery/jquery.js?ver=1.12.4.tmp.
unlink: No such file or directory

Spider mode enabled. Check if remote file exists.
--2017-12-19 11:20:12--  http://jonathanrobles.net/wp/wp-includes/js/jquery/jquery-migrate.min.js?ver=1.4.1
Reusing existing connection to jonathanrobles.net:80.
HTTP request sent, awaiting response... 200 OK
Length: unspecified [application/javascript]
Remote file exists but does not contain any link -- not retrieving.

Removing jonathanrobles.net/wp/wp-includes/js/jquery/jquery-migrate.min.js?ver=1.4.1.tmp.
unlink: No such file or directory

Spider mode enabled. Check if remote file exists.
--2017-12-19 11:20:13--  http://jonathanrobles.net/wp/wp-content/plugins/crayon-syntax-highlighter/js/min/crayon.min.js?ver=_2.7.2_beta
Reusing existing connection to jonathanrobles.net:80.
HTTP request sent, awaiting response... 200 OK
Length: unspecified [application/javascript]
Remote file exists but does not contain any link -- not retrieving.

Removing jonathanrobles.net/wp/wp-content/plugins/crayon-syntax-highlighter/js/min/crayon.min.js?ver=_2.7.2_beta.tmp.
unlink: No such file or directory

Spider mode enabled. Check if remote file exists.
--2017-12-19 11:20:14--  http://jonathanrobles.net/wp/index.php?rest_route=/
Reusing existing connection to jonathanrobles.net:80.
HTTP request sent, awaiting response... 200 OK
Length: unspecified [application/json]
Remote file exists but does not contain any link -- not retrieving.

Removing jonathanrobles.net/wp/index.php?rest_route=%2F.tmp.
unlink: No such file or directory

Spider mode enabled. Check if remote file exists.
--2017-12-19 11:20:16--  http://jonathanrobles.net/wp/xmlrpc.php?rsd
Reusing existing connection to jonathanrobles.net:80.
HTTP request sent, awaiting response... 200 OK
Length: unspecified [text/xml]
Remote file exists but does not contain any link -- not retrieving.

Removing jonathanrobles.net/wp/xmlrpc.php?rsd.tmp.
unlink: No such file or directory

Spider mode enabled. Check if remote file exists.
--2017-12-19 11:20:17--  http://jonathanrobles.net/wp/wp-includes/wlwmanifest.xml
Reusing existing connection to jonathanrobles.net:80.
HTTP request sent, awaiting response... 200 OK
Length: 1045 (1.0K) [application/xml]
Remote file exists but does not contain any link -- not retrieving.

Removing jonathanrobles.net/wp/wp-includes/wlwmanifest.xml.tmp.
unlink: No such file or directory

Spider mode enabled. Check if remote file exists.
--2017-12-19 11:20:18--  http://jonathanrobles.net/wp/wp-content/themes/twentyseventeen/assets/images/header.jpg
Reusing existing connection to jonathanrobles.net:80.
HTTP request sent, awaiting response... 200 OK
Length: 114854 (112K) [image/jpeg]
Remote file exists but does not contain any link -- not retrieving.

Removing jonathanrobles.net/wp/wp-content/themes/twentyseventeen/assets/images/header.jpg.tmp.
unlink: No such file or directory

Spider mode enabled. Check if remote file exists.
--2017-12-19 11:20:19--  http://jonathanrobles.net/wp/?p=349
Reusing existing connection to jonathanrobles.net:80.
HTTP request sent, awaiting response... 200 OK
Length: unspecified [text/html]
Remote file exists and could contain links to other resources -- retrieving.

--2017-12-19 11:20:21--  http://jonathanrobles.net/wp/?p=349
Reusing existing connection to jonathanrobles.net:80.
HTTP request sent, awaiting response... 200 OK
Length: unspecified [text/html]
Saving to: ‘jonathanrobles.net/wp/index.html?p=349.tmp.tmp’

     0K .......... .......... .......... .......... .           141K=0.3s

2017-12-19 11:20:22 (141 KB/s) - ‘jonathanrobles.net/wp/index.html?p=349.tmp.tmp’ saved [298719]

Removing jonathanrobles.net/wp/index.html?p=349.tmp.tmp.

Spider mode enabled. Check if remote file exists.
--2017-12-19 11:20:23--  http://jonathanrobles.net/PROJECTS/monarch/shutthebox.html
Reusing existing connection to jonathanrobles.net:80.
HTTP request sent, awaiting response... 200 OK
Length: unspecified [text/html]
Remote file exists and could contain links to other resources -- retrieving.

--2017-12-19 11:20:24--  http://jonathanrobles.net/PROJECTS/monarch/shutthebox.html
Reusing existing connection to jonathanrobles.net:80.
HTTP request sent, awaiting response... 200 OK
Length: unspecified [text/html]
Saving to: ‘jonathanrobles.net/PROJECTS/monarch/shutthebox.html.tmp.tmp’

     0K .                                                      17.9M=0s

2017-12-19 11:20:24 (17.9 MB/s) - ‘jonathanrobles.net/PROJECTS/monarch/shutthebox.html.tmp.tmp’ saved [2716]

Removing jonathanrobles.net/PROJECTS/monarch/shutthebox.html.tmp.tmp.

Spider mode enabled. Check if remote file exists.
--2017-12-19 11:20:25--  http://jonathanrobles.net/wp/?p=306
Reusing existing connection to jonathanrobles.net:80.
HTTP request sent, awaiting response... 200 OK
Length: unspecified [text/html]
Remote file exists and could contain links to other resources -- retrieving.

--2017-12-19 11:20:27--  http://jonathanrobles.net/wp/?p=306
Reusing existing connection to jonathanrobles.net:80.
HTTP request sent, awaiting response... 200 OK
Length: unspecified [text/html]
Saving to: ‘jonathanrobles.net/wp/index.html?p=306.tmp.tmp’

     0K .......... .......... ........                          206K=0.1s

2017-12-19 11:20:28 (206 KB/s) - ‘jonathanrobles.net/wp/index.html?p=306.tmp.tmp’ saved [115789]

Removing jonathanrobles.net/wp/index.html?p=306.tmp.tmp.

Spider mode enabled. Check if remote file exists.
--2017-12-19 11:20:29--  http://jonathanrobles.net/wp/?p=253
Reusing existing connection to jonathanrobles.net:80.
HTTP request sent, awaiting response... 200 OK
Length: unspecified [text/html]
Remote file exists and could contain links to other resources -- retrieving.

--2017-12-19 11:20:30--  http://jonathanrobles.net/wp/?p=253
Reusing existing connection to jonathanrobles.net:80.
HTTP request sent, awaiting response... 200 OK
Length: unspecified [text/html]
Saving to: ‘jonathanrobles.net/wp/index.html?p=253.tmp.tmp’

     0K .......... .......... .......... .........              172K=0.2s

2017-12-19 11:20:31 (172 KB/s) - ‘jonathanrobles.net/wp/index.html?p=253.tmp.tmp’ saved [241934]

Removing jonathanrobles.net/wp/index.html?p=253.tmp.tmp.

Spider mode enabled. Check if remote file exists.
--2017-12-19 11:20:32--  http://jonathanrobles.net/wp/?p=153
Reusing existing connection to jonathanrobles.net:80.
HTTP request sent, awaiting response... 200 OK
Length: unspecified [text/html]
Remote file exists and could contain links to other resources -- retrieving.

--2017-12-19 11:20:34--  http://jonathanrobles.net/wp/?p=153
Reusing existing connection to jonathanrobles.net:80.
HTTP request sent, awaiting response... 200 OK
Length: unspecified [text/html]
Saving to: ‘jonathanrobles.net/wp/index.html?p=153.tmp.tmp’

     0K .......... .......... .......                           280K=0.1s

2017-12-19 11:20:34 (280 KB/s) - ‘jonathanrobles.net/wp/index.html?p=153.tmp.tmp’ saved [71887]

Removing jonathanrobles.net/wp/index.html?p=153.tmp.tmp.

Spider mode enabled. Check if remote file exists.
--2017-12-19 11:20:35--  http://jonathanrobles.net/wp/?p=197
Reusing existing connection to jonathanrobles.net:80.
HTTP request sent, awaiting response... 200 OK
Length: unspecified [text/html]
Remote file exists and could contain links to other resources -- retrieving.

--2017-12-19 11:20:37--  http://jonathanrobles.net/wp/?p=197
Reusing existing connection to jonathanrobles.net:80.
HTTP request sent, awaiting response... 200 OK
Length: unspecified [text/html]
Saving to: ‘jonathanrobles.net/wp/index.html?p=197.tmp.tmp’

     0K .......... .......... ....                              120K=0.2s

2017-12-19 11:20:38 (120 KB/s) - ‘jonathanrobles.net/wp/index.html?p=197.tmp.tmp’ saved [62370]

Removing jonathanrobles.net/wp/index.html?p=197.tmp.tmp.

Spider mode enabled. Check if remote file exists.
--2017-12-19 11:20:39--  http://jonathanrobles.net/wp/wp-content/uploads/2014/01/Canvas-1.jpg
Reusing existing connection to jonathanrobles.net:80.
HTTP request sent, awaiting response... 200 OK
Length: 158473 (155K) [image/jpeg]
Remote file exists but does not contain any link -- not retrieving.

Removing jonathanrobles.net/wp/wp-content/uploads/2014/01/Canvas-1.jpg.tmp.
unlink: No such file or directory

Spider mode enabled. Check if remote file exists.
--2017-12-19 11:20:40--  http://jonathanrobles.net/wp/wp-content/uploads/2014/01/Canvas-1-300x219.jpg
Reusing existing connection to jonathanrobles.net:80.
HTTP request sent, awaiting response... 200 OK
Length: 9759 (9.5K) [image/jpeg]
Remote file exists but does not contain any link -- not retrieving.

Removing jonathanrobles.net/wp/wp-content/uploads/2014/01/Canvas-1-300x219.jpg.tmp.
unlink: No such file or directory

Spider mode enabled. Check if remote file exists.
--2017-12-19 11:20:41--  http://jonathanrobles.net/wp/?m=201402
Reusing existing connection to jonathanrobles.net:80.
HTTP request sent, awaiting response... 200 OK
Length: unspecified [text/html]
Remote file exists and could contain links to other resources -- retrieving.

--2017-12-19 11:20:42--  http://jonathanrobles.net/wp/?m=201402
Reusing existing connection to jonathanrobles.net:80.
HTTP request sent, awaiting response... 200 OK
Length: unspecified [text/html]
Saving to: ‘jonathanrobles.net/wp/index.html?m=201402.tmp.tmp’

     0K .......... .......... ..                               95.1K=0.2s

2017-12-19 11:20:43 (95.1 KB/s) - ‘jonathanrobles.net/wp/index.html?m=201402.tmp.tmp’ saved [58116]

Removing jonathanrobles.net/wp/index.html?m=201402.tmp.tmp.

Spider mode enabled. Check if remote file exists.
--2017-12-19 11:20:44--  http://jonathanrobles.net/wp/?m=201401
Reusing existing connection to jonathanrobles.net:80.
HTTP request sent, awaiting response... 200 OK
Length: unspecified [text/html]
Remote file exists and could contain links to other resources -- retrieving.

--2017-12-19 11:20:46--  http://jonathanrobles.net/wp/?m=201401
Reusing existing connection to jonathanrobles.net:80.
HTTP request sent, awaiting response... 200 OK
Length: unspecified [text/html]
Saving to: ‘jonathanrobles.net/wp/index.html?m=201401.tmp.tmp’

     0K .......... .......... ...                              84.8K=0.3s

2017-12-19 11:20:47 (84.8 KB/s) - ‘jonathanrobles.net/wp/index.html?m=201401.tmp.tmp’ saved [59407]

Removing jonathanrobles.net/wp/index.html?m=201401.tmp.tmp.

Spider mode enabled. Check if remote file exists.
--2017-12-19 11:20:48--  http://jonathanrobles.net/wp/?cat=2
Reusing existing connection to jonathanrobles.net:80.
HTTP request sent, awaiting response... 200 OK
Length: unspecified [text/html]
Remote file exists and could contain links to other resources -- retrieving.

--2017-12-19 11:20:49--  http://jonathanrobles.net/wp/?cat=2
Reusing existing connection to jonathanrobles.net:80.
HTTP request sent, awaiting response... 200 OK
Length: unspecified [text/html]
Saving to: ‘jonathanrobles.net/wp/index.html?cat=2.tmp.tmp’

     0K .......... .......... ...                              64.2K=0.4s

2017-12-19 11:20:50 (64.2 KB/s) - ‘jonathanrobles.net/wp/index.html?cat=2.tmp.tmp’ saved [63264]

Removing jonathanrobles.net/wp/index.html?cat=2.tmp.tmp.

Spider mode enabled. Check if remote file exists.
--2017-12-19 11:20:51--  http://jonathanrobles.net/wp/?cat=3
Reusing existing connection to jonathanrobles.net:80.
HTTP request sent, awaiting response... 200 OK
Length: unspecified [text/html]
Remote file exists and could contain links to other resources -- retrieving.

--2017-12-19 11:20:53--  http://jonathanrobles.net/wp/?cat=3
Reusing existing connection to jonathanrobles.net:80.
HTTP request sent, awaiting response... 200 OK
Length: unspecified [text/html]
Saving to: ‘jonathanrobles.net/wp/index.html?cat=3.tmp.tmp’

     0K .......... .......... .                                 242K=0.09s

2017-12-19 11:20:53 (242 KB/s) - ‘jonathanrobles.net/wp/index.html?cat=3.tmp.tmp’ saved [56319]

Removing jonathanrobles.net/wp/index.html?cat=3.tmp.tmp.

Spider mode enabled. Check if remote file exists.
--2017-12-19 11:20:54--  http://jonathanrobles.net/wp/?cat=4
Reusing existing connection to jonathanrobles.net:80.
HTTP request sent, awaiting response... 200 OK
Length: unspecified [text/html]
Remote file exists and could contain links to other resources -- retrieving.

--2017-12-19 11:20:56--  http://jonathanrobles.net/wp/?cat=4
Reusing existing connection to jonathanrobles.net:80.
HTTP request sent, awaiting response... 200 OK
Length: unspecified [text/html]
Saving to: ‘jonathanrobles.net/wp/index.html?cat=4.tmp.tmp’

     0K .......... .......... ..                               82.0K=0.3s

2017-12-19 11:20:57 (82.0 KB/s) - ‘jonathanrobles.net/wp/index.html?cat=4.tmp.tmp’ saved [60131]

Removing jonathanrobles.net/wp/index.html?cat=4.tmp.tmp.

Spider mode enabled. Check if remote file exists.
--2017-12-19 11:20:58--  http://jonathanrobles.net/wp/?cat=7
Reusing existing connection to jonathanrobles.net:80.
HTTP request sent, awaiting response... 200 OK
Length: unspecified [text/html]
Remote file exists and could contain links to other resources -- retrieving.

--2017-12-19 11:20:59--  http://jonathanrobles.net/wp/?cat=7
Reusing existing connection to jonathanrobles.net:80.
HTTP request sent, awaiting response... 200 OK
Length: unspecified [text/html]
Saving to: ‘jonathanrobles.net/wp/index.html?cat=7.tmp.tmp’

     0K .......... .......... .                                 104K=0.2s

2017-12-19 11:21:00 (104 KB/s) - ‘jonathanrobles.net/wp/index.html?cat=7.tmp.tmp’ saved [56394]

Removing jonathanrobles.net/wp/index.html?cat=7.tmp.tmp.

Spider mode enabled. Check if remote file exists.
--2017-12-19 11:21:01--  http://jonathanrobles.net/wp/wp-login.php
Reusing existing connection to jonathanrobles.net:80.
HTTP request sent, awaiting response... 200 OK
Length: unspecified [text/html]
Remote file exists and could contain links to other resources -- retrieving.

--2017-12-19 11:21:04--  http://jonathanrobles.net/wp/wp-login.php
Reusing existing connection to jonathanrobles.net:80.
HTTP request sent, awaiting response... 200 OK
Length: unspecified [text/html]
Saving to: ‘jonathanrobles.net/wp/wp-login.php.tmp.tmp’

     0K .                                                      41.0K=0.03s

2017-12-19 11:21:04 (41.0 KB/s) - ‘jonathanrobles.net/wp/wp-login.php.tmp.tmp’ saved [2311]

Removing jonathanrobles.net/wp/wp-login.php.tmp.tmp.

Spider mode enabled. Check if remote file exists.
--2017-12-19 11:21:05--  http://jonathanrobles.net/wp/wp-content/themes/twentyseventeen/assets/js/skip-link-focus-fix.js?ver=1.0
Reusing existing connection to jonathanrobles.net:80.
HTTP request sent, awaiting response... 200 OK
Length: unspecified [application/javascript]
Remote file exists but does not contain any link -- not retrieving.

Removing jonathanrobles.net/wp/wp-content/themes/twentyseventeen/assets/js/skip-link-focus-fix.js?ver=1.0.tmp.
unlink: No such file or directory

Spider mode enabled. Check if remote file exists.
--2017-12-19 11:21:06--  http://jonathanrobles.net/wp/wp-content/themes/twentyseventeen/assets/js/global.js?ver=1.0
Reusing existing connection to jonathanrobles.net:80.
HTTP request sent, awaiting response... 200 OK
Length: unspecified [application/javascript]
Remote file exists but does not contain any link -- not retrieving.

Removing jonathanrobles.net/wp/wp-content/themes/twentyseventeen/assets/js/global.js?ver=1.0.tmp.
unlink: No such file or directory

Spider mode enabled. Check if remote file exists.
--2017-12-19 11:21:08--  http://jonathanrobles.net/wp/wp-content/themes/twentyseventeen/assets/js/jquery.scrollTo.js?ver=2.1.2
Reusing existing connection to jonathanrobles.net:80.
HTTP request sent, awaiting response... 200 OK
Length: unspecified [application/javascript]
Remote file exists but does not contain any link -- not retrieving.

Removing jonathanrobles.net/wp/wp-content/themes/twentyseventeen/assets/js/jquery.scrollTo.js?ver=2.1.2.tmp.
unlink: No such file or directory

Spider mode enabled. Check if remote file exists.
--2017-12-19 11:21:09--  http://jonathanrobles.net/wp/wp-includes/js/wp-embed.min.js?ver=4.9.1
Reusing existing connection to jonathanrobles.net:80.
HTTP request sent, awaiting response... 200 OK
Length: unspecified [application/javascript]
Remote file exists but does not contain any link -- not retrieving.

Removing jonathanrobles.net/wp/wp-includes/js/wp-embed.min.js?ver=4.9.1.tmp.
unlink: No such file or directory

Spider mode enabled. Check if remote file exists.
--2017-12-19 11:21:10--  http://jonathanrobles.net/wp/?feed=rss2&p=349
Reusing existing connection to jonathanrobles.net:80.
HTTP request sent, awaiting response... 200 OK
Length: unspecified [application/rss+xml]
Remote file exists but does not contain any link -- not retrieving.

Removing jonathanrobles.net/wp/index.html?feed=rss2&p=349.tmp.
unlink: No such file or directory

Spider mode enabled. Check if remote file exists.
--2017-12-19 11:21:11--  http://jonathanrobles.net/wp/index.php?rest_route=%2Foembed%2F1.0%2Fembed&url=http%3A%2F%2Fjonathanrobles.net%2Fwp%2F%3Fp%3D349
Reusing existing connection to jonathanrobles.net:80.
HTTP request sent, awaiting response... 200 OK
Length: unspecified [application/json]
Remote file exists but does not contain any link -- not retrieving.

Removing jonathanrobles.net/wp/index.php?rest_route=%2Foembed%2F1.0%2Fembed&url=http%3A%2F%2Fjonathanrobles.net%2Fwp%2F%3Fp%3D349.tmp.
unlink: No such file or directory

Spider mode enabled. Check if remote file exists.
--2017-12-19 11:21:13--  http://jonathanrobles.net/wp/index.php?rest_route=%2Foembed%2F1.0%2Fembed&url=http%3A%2F%2Fjonathanrobles.net%2Fwp%2F%3Fp%3D349&format=xml
Reusing existing connection to jonathanrobles.net:80.
HTTP request sent, awaiting response... 200 OK
Length: unspecified [application/json]
Remote file exists but does not contain any link -- not retrieving.

Removing jonathanrobles.net/wp/index.php?rest_route=%2Foembed%2F1.0%2Fembed&url=http%3A%2F%2Fjonathanrobles.net%2Fwp%2F%3Fp%3D349&format=xml.tmp.
unlink: No such file or directory

Spider mode enabled. Check if remote file exists.
--2017-12-19 11:21:15--  http://jonathanrobles.net/wp/?author=1
Reusing existing connection to jonathanrobles.net:80.
HTTP request sent, awaiting response... 200 OK
Length: unspecified [text/html]
Remote file exists and could contain links to other resources -- retrieving.

--2017-12-19 11:21:16--  http://jonathanrobles.net/wp/?author=1
Reusing existing connection to jonathanrobles.net:80.
HTTP request sent, awaiting response... 200 OK
Length: unspecified [text/html]
Saving to: ‘jonathanrobles.net/wp/index.html?author=1.tmp.tmp’

     0K .......... .......... ...